#
# There is insufficient memory for the Java Runtime Environment to continue.
# Native memory allocation (mmap) failed to map 134217728 bytes for Failed to commit area from 0x0000000080e00000 to 0x0000000088e00000 of length 134217728.
# Possible reasons:
#   The system is out of physical RAM or swap space
#   The process is running with CompressedOops enabled, and the Java Heap may be blocking the growth of the native heap
# Possible solutions:
#   Reduce memory load on the system
#   Increase physical memory or swap space
#   Check if swap backing store is full
#   Decrease Java heap size (-Xmx/-Xms)
#   Decrease number of Java threads
#   Decrease Java thread stack sizes (-Xss)
#   Set larger code cache with -XX:ReservedCodeCacheSize=
# This output file may be truncated or incomplete.
#
#  Out of Memory Error (./src/hotspot/os/windows/os_windows.cpp:3303), pid=5504, tid=2100
#
# JRE version:  (11.0.7+10) (build )
# Java VM: OpenJDK 64-Bit Server VM (11.0.7+10-b765.53, mixed mode, sharing, tiered, compressed oops, g1 gc, windows-amd64)
# No core dump will be written. Minidumps are not enabled by default on client versions of Windows
#

---------------  S U M M A R Y ------------

Command Line: org.jetbrains.git4idea.http.GitAskPassApp Username for 'https://github.com': 

Host: Intel(R) Pentium(R) CPU G4560 @ 3.50GHz, 4 cores, 7G,  Windows 10 , 64 bit Build 18362 (10.0.18362.329)
Time: Tue Jul 14 17:23:06 2020 RTZ 2 (ceia) elapsed time: 0 seconds (0d 0h 0m 0s)

---------------  T H R E A D  ---------------

Current thread (0x0000024aab73b800):  JavaThread "Unknown thread" [_thread_in_vm, id=2100, stack(0x0000009a45e00000,0x0000009a45f00000)]

Stack: [0x0000009a45e00000,0x0000009a45f00000]
Native frames: (J=compiled Java code, j=interpreted, Vv=VM code, C=native code)
V  [jvm.dll+0x5dda4a]
V  [jvm.dll+0x711595]
V  [jvm.dll+0x712aed]
V  [jvm.dll+0x7131a3]
V  [jvm.dll+0x23e368]
V  [jvm.dll+0x5daf04]
V  [jvm.dll+0x5d0085]
V  [jvm.dll+0x2fb0cb]
V  [jvm.dll+0x2fb03a]
V  [jvm.dll+0x2faf12]
V  [jvm.dll+0x2ffdf6]
V  [jvm.dll+0x348393]
V  [jvm.dll+0x348a96]
V  [jvm.dll+0x348493]
V  [jvm.dll+0x2d59e8]
V  [jvm.dll+0x2d6b87]
V  [jvm.dll+0x6f04e7]
V  [jvm.dll+0x6f1cdc]
V  [jvm.dll+0x355909]
V  [jvm.dll+0x6d42ae]
V  [jvm.dll+0x3bda13]
V  [jvm.dll+0x3bfc51]
C  [jli.dll+0x5363]
C  [ucrtbase.dll+0x20e72]
C  [KERNEL32.DLL+0x17bd4]
C  [ntdll.dll+0x6ced1]


---------------  P R O C E S S  ---------------

Threads class SMR info:
_java_thread_list=0x0000024aa95a6c30, length=0, elements={
}

Java Threads: ( => current thread )

Other Threads:
  0x0000024aab756800 GCTaskThread "GC Thread#0" [stack: 0x0000009a45f00000,0x0000009a46000000] [id=6468]
  0x0000024aab789000 ConcurrentGCThread "G1 Main Marker" [stack: 0x0000009a46000000,0x0000009a46100000] [id=3096]
  0x0000024aab78a800 ConcurrentGCThread "G1 Conc#0" [stack: 0x0000009a46100000,0x0000009a46200000] [id=11324]

[error occurred during error reporting (printing all threads), id 0xc0000005, EXCEPTION_ACCESS_VIOLATION (0xc0000005) at pc=0x00007ffb92fb5fc7]

VM state:not at safepoint (not fully initialized)

VM Mutex/Monitor currently owned by a thread:  ([mutex/lock_event])
[0x0000024aab7372a0] Heap_lock - owner thread: 0x0000024aab73b800

Heap address: 0x0000000080e00000, size: 2034 MB, Compressed Oops mode: Non-zero based: 0x0000000080e00000
Narrow klass base: 0x0000000000000000, Narrow klass shift: 0

GC Heap History (0 events):
No events

Deoptimization events (0 events):
No events

Classes redefined (0 events):
No events

Internal exceptions (0 events):
No events

Events (2 events):
Event: 0.006 Loaded shared library C:\Program Files\JetBrains\PyCharm 2020.1.2\jbr\bin\zip.dll
Event: 0.007 Loaded shared library C:\Program Files\JetBrains\PyCharm 2020.1.2\jbr\bin\jimage.dll


Dynamic libraries:
0x00007ff69c770000 - 0x00007ff69c77a000 	C:\Program Files\JetBrains\PyCharm 2020.1.2\jbr\bin\java.exe
0x00007ffbc5940000 - 0x00007ffbc5b30000 	C:\WINDOWS\SYSTEM32\ntdll.dll
0x00007ffbc4d90000 - 0x00007ffbc4e42000 	C:\WINDOWS\System32\KERNEL32.DLL
0x00007ffbc3670000 - 0x00007ffbc3913000 	C:\WINDOWS\System32\KERNELBASE.dll
0x00007ffbc28f0000 - 0x00007ffbc29ea000 	C:\WINDOWS\System32\ucrtbase.dll
0x00007ffbb4300000 - 0x00007ffbb4317000 	C:\Program Files\JetBrains\PyCharm 2020.1.2\jbr\bin\VCRUNTIME140.dll
0x00007ffbab0b0000 - 0x00007ffbab0c9000 	C:\Program Files\JetBrains\PyCharm 2020.1.2\jbr\bin\jli.dll
0x00007ffbc4350000 - 0x00007ffbc44e4000 	C:\WINDOWS\System32\USER32.dll
0x00007ffbc2cc0000 - 0x00007ffbc2ce1000 	C:\WINDOWS\System32\win32u.dll
0x00007ffbc4630000 - 0x00007ffbc4656000 	C:\WINDOWS\System32\GDI32.dll
0x00007ffbbb4e0000 - 0x00007ffbbb765000 	C:\WINDOWS\WinSxS\amd64_microsoft.windows.common-controls_6595b64144ccf1df_6.0.18362.657_none_e6c5b579130e3898\COMCTL32.dll
0x00007ffbc2aa0000 - 0x00007ffbc2c34000 	C:\WINDOWS\System32\gdi32full.dll
0x00007ffbc3ae0000 - 0x00007ffbc3b7e000 	C:\WINDOWS\System32\msvcrt.dll
0x00007ffbc3920000 - 0x00007ffbc39be000 	C:\WINDOWS\System32\msvcp_win.dll
0x00007ffbc5310000 - 0x00007ffbc5646000 	C:\WINDOWS\System32\combase.dll
0x00007ffbc39c0000 - 0x00007ffbc3ae0000 	C:\WINDOWS\System32\RPCRT4.dll
0x00007ffbc2c40000 - 0x00007ffbc2cc0000 	C:\WINDOWS\System32\bcryptPrimitives.dll
0x00007ffbc3c30000 - 0x00007ffbc3c5e000 	C:\WINDOWS\System32\IMM32.DLL
0x00007ffb9e010000 - 0x00007ffb9e0ad000 	C:\Program Files\JetBrains\PyCharm 2020.1.2\jbr\bin\msvcp140.dll
0x00007ffb92cd0000 - 0x00007ffb9378b000 	C:\Program Files\JetBrains\PyCharm 2020.1.2\jbr\bin\server\jvm.dll
0x00007ffbc5020000 - 0x00007ffbc50c3000 	C:\WINDOWS\System32\ADVAPI32.dll
0x00007ffbc3b80000 - 0x00007ffbc3c17000 	C:\WINDOWS\System32\sechost.dll
0x00007ffbc3c20000 - 0x00007ffbc3c28000 	C:\WINDOWS\System32\PSAPI.DLL
0x00007ffbbf0a0000 - 0x00007ffbbf0a9000 	C:\WINDOWS\SYSTEM32\WSOCK32.dll
0x00007ffbba400000 - 0x00007ffbba424000 	C:\WINDOWS\SYSTEM32\WINMM.dll
0x00007ffbc46d0000 - 0x00007ffbc473f000 	C:\WINDOWS\System32\WS2_32.dll
0x00007ffbbdad0000 - 0x00007ffbbdada000 	C:\WINDOWS\SYSTEM32\VERSION.dll
0x00007ffbba3d0000 - 0x00007ffbba3fd000 	C:\WINDOWS\SYSTEM32\WINMMBASE.dll
0x00007ffbc28a0000 - 0x00007ffbc28ea000 	C:\WINDOWS\System32\cfgmgr32.dll
0x00007ffbc2860000 - 0x00007ffbc2871000 	C:\WINDOWS\System32\kernel.appcore.dll
0x00007ffbbb980000 - 0x00007ffbbb991000 	C:\Program Files\JetBrains\PyCharm 2020.1.2\jbr\bin\verify.dll
0x00007ffbab790000 - 0x00007ffbab984000 	C:\WINDOWS\SYSTEM32\DBGHELP.DLL
0x00007ffbab410000 - 0x00007ffbab43a000 	C:\WINDOWS\SYSTEM32\dbgcore.DLL
0x00007ffbbb050000 - 0x00007ffbbb079000 	C:\Program Files\JetBrains\PyCharm 2020.1.2\jbr\bin\java.dll
0x00007ffbb4d30000 - 0x00007ffbb4d48000 	C:\Program Files\JetBrains\PyCharm 2020.1.2\jbr\bin\zip.dll
0x00007ffbbf000000 - 0x00007ffbbf00b000 	C:\Program Files\JetBrains\PyCharm 2020.1.2\jbr\bin\jimage.dll

dbghelp: loaded successfully - version: 4.0.5 - missing functions: none
symbol engine: initialized successfully - sym options: 0x614 - pdb path: .;C:\Program Files\JetBrains\PyCharm 2020.1.2\jbr\bin;C:\WINDOWS\SYSTEM32;C:\WINDOWS\WinSxS\amd64_microsoft.windows.common-controls_6595b64144ccf1df_6.0.18362.657_none_e6c5b579130e3898;C:\Program Files\JetBrains\PyCharm 2020.1.2\jbr\bin\server

VM Arguments:
java_command: org.jetbrains.git4idea.http.GitAskPassApp Username for 'https://github.com': 
java_class_path (initial): C:/Program Files/JetBrains/PyCharm 2020.1.2/plugins/git4idea/lib/git4idea-rt.jar;C:/Program Files/JetBrains/PyCharm 2020.1.2/lib/xmlrpc-2.0.1.jar;C:/Program Files/JetBrains/PyCharm 2020.1.2/lib/commons-codec-1.14.jar;C:/Program Files/JetBrains/PyCharm 2020.1.2/lib/util.jar
Launcher Type: SUN_STANDARD

[Global flags]
     intx CICompilerCount                          = 3                                         {product} {ergonomic}
     uint ConcGCThreads                            = 1                                         {product} {ergonomic}
     uint G1ConcRefinementThreads                  = 4                                         {product} {ergonomic}
   size_t G1HeapRegionSize                         = 1048576                                   {product} {ergonomic}
    uintx GCDrainStackTargetSize                   = 64                                        {product} {ergonomic}
   size_t InitialHeapSize                          = 134217728                                 {product} {ergonomic}
   size_t MarkStackSize                            = 4194304                                   {product} {ergonomic}
   size_t MaxHeapSize                              = 2132803584                                {product} {ergonomic}
   size_t MinHeapDeltaBytes                        = 1048576                                   {product} {ergonomic}
    uintx NonNMethodCodeHeapSize                   = 5830732                                {pd product} {ergonomic}
    uintx NonProfiledCodeHeapSize                  = 122913754                              {pd product} {ergonomic}
    uintx ProfiledCodeHeapSize                     = 122913754                              {pd product} {ergonomic}
    uintx ReservedCodeCacheSize                    = 251658240                              {pd product} {ergonomic}
     bool SegmentedCodeCache                       = true                                      {product} {ergonomic}
     bool UseCompressedClassPointers               = true                                 {lp64_product} {ergonomic}
     bool UseCompressedOops                        = true                                 {lp64_product} {ergonomic}
     bool UseG1GC                                  = true                                      {product} {ergonomic}
     bool UseLargePagesIndividualAllocation        = false                                  {pd product} {ergonomic}

Logging:
Log output configuration:
 #0: stdout all=warning uptime,level,tags
 #1: stderr all=off uptime,level,tags

Environment Variables:
PATH=C:\Program Files\Git\mingw64\libexec\git-core;C:\Program Files\Git\mingw64\libexec\git-core;C:\Program Files\Git\mingw64\bin;C:\Program Files\Git\usr\bin;C:\Users\User53\bin;C:\WINDOWS\system32;C:\WINDOWS;C:\WINDOWS\System32\Wbem;C:\WINDOWS\System32\WindowsPowerShell\v1.0;C:\WINDOWS\System32\OpenSSH;C:\Program Files\nodejs;C:\Program Files\Git\cmd;C:\Program Files\RedHat\java-1.8.0-openjdk-1.8.0.232-3\bin;C:\Program Files\RedHat\java-1.8.0-openjdk-1.8.0.232-3\jre\bin;C:\Users\User53\AppData\Local\Programs\Python\Python38-32\Scripts;C:\Users\User53\AppData\Local\Programs\Python\Python38-32;C:\Users\User53\AppData\Local\Programs\Python\Python37-32\Scripts;C:\Users\User53\AppData\Local\Programs\Python\Python37-32;C:\Users\User53\AppData\Local\Microsoft\WindowsApps;C:\Users\User53\AppData\Local\Programs\Microsoft VS Code\bin;C:\Users\User53\AppData\Roaming\npm;C:\Users\User53\AppData\Local\GitHubDesktop\bin;C:\Users\User53\AppData\Local\Microsoft\WindowsApps;C:\Program Files\JetBrains\PyCharm 2020.1.2\bin;C:\Program Files\JetBrains\PyCharm Community Edition 2019.3.3\bin;C:\Program Files\heroku\bin;C:\Program Files\CMake\bin
USERNAME=User53
DISPLAY=:0.0
OS=Windows_NT
PROCESSOR_IDENTIFIER=Intel64 Family 6 Model 158 Stepping 9, GenuineIntel



---------------  S Y S T E M  ---------------

OS: Windows 10 , 64 bit Build 18362 (10.0.18362.329)
OS uptime: 0 days 6:43 hours

CPU:total 4 (initial active 4) (2 cores per cpu, 2 threads per core) family 6 model 158 stepping 9, cmov, cx8, fxsr, mmx, sse, sse2, sse3, ssse3, sse4.1, sse4.2, popcnt, aes, clmul, erms, 3dnowpref, lzcnt, ht, tsc, tscinvbit

Memory: 4k page, system-wide physical 8130M (1956M free)
TotalPageFile size 32706M (AvailPageFile size 85M)
current process WorkingSet (physical memory assigned to process): 9M, peak: 9M
current process commit charge ("private bytes"): 51M, peak: 179M

vm_info: OpenJDK 64-Bit Server VM (11.0.7+10-b765.53) for windows-amd64 JRE (11.0.7+10-b765.53), built on May 12 2020 04:38:25 by "" with MS VC++ 14.0 (VS2015)

END.
